  TCPServerCLI.cpp
TCPServerCLI.cpp(72): warning C4996: 'inet_addr': Use inet_pton() or InetPton() instead or define _WINSOCK_DEPRECATED_NO_WARNINGS to disable deprecated API warnings
  C:\Program Files (x86)\Windows Kits\8.1\Include\um\winsock2.h(1850): note: see declaration of 'inet_addr'
TCPServerCLI.cpp(106): warning C4996: 'strncpy': This function or variable may be unsafe. Consider using strncpy_s instead. To disable deprecation, use _CRT_SECURE_NO_WARNINGS. See online help for details.
  C:\Program Files (x86)\Windows Kits\10\Include\10.0.10240.0\ucrt\string.h(346): note: see declaration of 'strncpy'
TCPServerCLI.cpp(135): warning C4996: 'strncpy': This function or variable may be unsafe. Consider using strncpy_s instead. To disable deprecation, use _CRT_SECURE_NO_WARNINGS. See online help for details.
  C:\Program Files (x86)\Windows Kits\10\Include\10.0.10240.0\ucrt\string.h(346): note: see declaration of 'strncpy'
TCPServerCLI.cpp(55): warning C4101: 'input': unreferenced local variable
TCPServerCLI.cpp(264): warning C4244: '=': conversion from 'double' to 'int', possible loss of data
TCPServerCLI.cpp(269): warning C4244: '=': conversion from 'double' to 'int', possible loss of data
TCPServerCLI.cpp(236): warning C4996: 'inet_addr': Use inet_pton() or InetPton() instead or define _WINSOCK_DEPRECATED_NO_WARNINGS to disable deprecated API warnings
  C:\Program Files (x86)\Windows Kits\8.1\Include\um\winsock2.h(1850): note: see declaration of 'inet_addr'
TCPServerCLI.cpp(263): warning C4996: 'strncpy': This function or variable may be unsafe. Consider using strncpy_s instead. To disable deprecation, use _CRT_SECURE_NO_WARNINGS. See online help for details.
  C:\Program Files (x86)\Windows Kits\10\Include\10.0.10240.0\ucrt\string.h(346): note: see declaration of 'strncpy'
TCPServerCLI.cpp(268): warning C4996: 'strncpy': This function or variable may be unsafe. Consider using strncpy_s instead. To disable deprecation, use _CRT_SECURE_NO_WARNINGS. See online help for details.
  C:\Program Files (x86)\Windows Kits\10\Include\10.0.10240.0\ucrt\string.h(346): note: see declaration of 'strncpy'
TCPServerCLI.cpp(212): warning C4101: 'keycodechar': unreferenced local variable
TCPServerCLI.cpp(215): warning C4101: 'keycode': unreferenced local variable
TCPServerCLI.cpp(312): warning C4996: 'inet_addr': Use inet_pton() or InetPton() instead or define _WINSOCK_DEPRECATED_NO_WARNINGS to disable deprecated API warnings
  C:\Program Files (x86)\Windows Kits\8.1\Include\um\winsock2.h(1850): note: see declaration of 'inet_addr'
TCPServerCLI.cpp(291): warning C4101: 'input': unreferenced local variable
TCPServerCLI.cpp(290): warning C4101: 'keycode': unreferenced local variable
TCPServerCLI.cpp(361): warning C4101: 'input': unreferenced local variable
TCPServerCLI.cpp(359): warning C4101: 'rec': unreferenced local variable
  TCPServerCLI.vcxproj -> E:\visual studio\TCPServerCLI\Debug\TCPServerCLI.exe
  TCPServerCLI.vcxproj -> E:\visual studio\TCPServerCLI\Debug\TCPServerCLI.pdb (Full PDB)
